[START] MobPaint session started.
[13:27:49] INFO: No target file specified, using temp file: /tmp/mobpaint_temp.dat
[13:27:49] INFO: Running app with target file: /tmp/mobpaint_temp.dat
[13:27:53] INFO: Window close event received.
[13:27:53] INFO: App exited cleanly.
[END] MobPaint session ended.
[START] MobPaint session started.
[13:27:55] INFO: No target file specified, using temp file: /tmp/mobpaint_temp.dat
[13:27:55] INFO: Running app with target file: /tmp/mobpaint_temp.dat
[13:27:56] INFO: Window close event received.
[13:27:56] INFO: App exited cleanly.
[END] MobPaint session ended.
[START] MobPaint session started.
[13:29:43] INFO: No target file specified, using temp file: /tmp/mobpaint_temp.dat
[13:29:43] INFO: Running app with target file: /tmp/mobpaint_temp.dat
[13:29:47] INFO: Window close event received.
[13:29:47] INFO: App exited cleanly.
[END] MobPaint session ended.
[START] MobPaint session started.
[13:29:56] INFO: No target file specified, using temp file: /tmp/mobpaint_temp.dat
[13:29:56] INFO: Running app with target file: /tmp/mobpaint_temp.dat
[13:29:58] INFO: Window close event received.
[13:29:58] INFO: App exited cleanly.
[END] MobPaint session ended.
[START] MobPaint session started.
[13:30:00] INFO: No target file specified, using temp file: /tmp/mobpaint_temp.dat
[13:30:00] INFO: Running app with target file: /tmp/mobpaint_temp.dat
[13:30:02] INFO: Window close event received.
[13:30:02] INFO: App exited cleanly.
[END] MobPaint session ended.
[START] MobPaint session started.
[13:30:54] INFO: No target file specified, using temp file: /tmp/mobpaint_temp.dat
[13:30:54] INFO: Running app with target file: /tmp/mobpaint_temp.dat
[13:30:56] INFO: Drawing started.
[13:30:58] INFO: Drawing stopped.
[13:30:59] INFO: Drawing started.
[13:31:03] INFO: Drawing stopped.
[13:31:05] INFO: Window close event received.
[13:31:05] INFO: App exited cleanly.
[END] MobPaint session ended.
[START] MobPaint session started.
[13:31:41] INFO: No target file specified, using temp file: /tmp/mobpaint_temp.dat
[13:31:41] INFO: Running app with target file: /tmp/mobpaint_temp.dat
[13:31:42] INFO: Window close event received.
[13:31:42] INFO: App exited cleanly.
[END] MobPaint session ended.
[START] MobPaint session started.
[13:32:19] INFO: No target file specified, using temp file: /tmp/mobpaint_temp.dat
[13:32:19] INFO: Running app with target file: /tmp/mobpaint_temp.dat
[13:32:21] INFO: Drawing started.
[13:32:21] INFO: Drawing stopped.
[13:32:22] INFO: Drawing started.
[13:32:22] INFO: Drawing stopped.
[13:32:22] INFO: Drawing started.
[13:32:23] INFO: Drawing stopped.
[13:32:23] INFO: Drawing started.
[13:32:23] INFO: Drawing stopped.
[13:32:23] INFO: Drawing started.
[13:32:23] INFO: Drawing stopped.
[13:32:23] INFO: Drawing started.
[13:32:23] INFO: Drawing stopped.
[13:32:23] INFO: Drawing started.
[13:32:24] INFO: Drawing stopped.
[13:32:25] INFO: Window close event received.
[13:32:25] INFO: App exited cleanly.
[END] MobPaint session ended.
[START] MobPaint session started.
[13:33:10] INFO: No target file specified, using temp file: /tmp/mobpaint_temp.dat
[13:33:10] INFO: Running app with target file: /tmp/mobpaint_temp.dat
[13:33:11] INFO: Drawing started at (277, 158).
[13:33:12] INFO: Drawing stopped.
[13:33:12] INFO: Drawing started at (321, 233).
[13:33:12] INFO: Drawing stopped.
[13:33:12] INFO: Drawing started at (236, 283).
[13:33:12] INFO: Drawing stopped.
[13:33:12] INFO: Drawing started at (506, 361).
[13:33:13] INFO: Drawing stopped.
[13:33:13] INFO: Drawing started at (529, 187).
[13:33:16] INFO: Drawing stopped.
[13:33:16] INFO: Drawing started at (379, 457).
[13:33:17] INFO: Drawing stopped.
[13:33:17] INFO: Drawing started at (343, 487).
[13:33:19] INFO: Drawing stopped.
[13:33:20] INFO: Drawing started at (781, 0).
[13:33:20] INFO: Drawing stopped.
[13:33:21] INFO: Window close event received.
[13:33:21] INFO: App exited cleanly.
[END] MobPaint session ended.
[START] MobPaint session started.
[13:34:45] INFO: No target file specified, using temp file: /tmp/mobpaint_temp.dat
[13:34:45] INFO: Running app with target file: /tmp/mobpaint_temp.dat
[13:34:46] INFO: Drawing started at (288, 196).
[13:34:47] INFO: Drawing stopped.
[13:34:47] INFO: Drawing started at (433, 236).
[13:34:47] INFO: Drawing stopped.
[13:34:48] INFO: Drawing started at (374, 418).
[13:34:58] INFO: Drawing stopped.
[13:34:58] INFO: Drawing started at (732, 24).
[13:35:06] INFO: Drawing stopped.
[13:35:07] INFO: Drawing started at (36, 299).
[13:35:07] INFO: Drawing stopped.
[13:35:08] INFO: Window close event received.
[13:35:08] INFO: App exited cleanly.
[END] MobPaint session ended.
[START] MobPaint session started.
[13:35:22] INFO: No target file specified, using temp file: /tmp/mobpaint_temp.dat
[13:35:22] INFO: Running app with target file: /tmp/mobpaint_temp.dat
[13:35:25] INFO: Drawing started at (410, 159).
[13:35:25] INFO: Drawing stopped.
[13:35:26] INFO: Window close event received.
[13:35:26] INFO: App exited cleanly.
[END] MobPaint session ended.
[START] MobPaint session started.
[13:35:40] INFO: No target file specified, using temp file: /tmp/mobpaint_temp.dat
[13:35:40] INFO: Running app with target file: /tmp/mobpaint_temp.dat
[13:35:41] INFO: Drawing started at (290, 172).
[13:35:46] INFO: Drawing stopped.
[13:35:47] INFO: Window close event received.
[13:35:47] INFO: App exited cleanly.
[END] MobPaint session ended.
[START] MobPaint session started.
[13:36:08] INFO: No target file specified, using temp file: /tmp/mobpaint_temp.dat
[13:36:08] INFO: Running app with target file: /tmp/mobpaint_temp.dat
[13:36:09] INFO: Drawing started at (373, 181).
[13:36:10] INFO: Drawing stopped.
[13:36:10] INFO: Drawing started at (238, 452).
[13:36:15] INFO: Drawing stopped.
[13:36:16] INFO: Window close event received.
[13:36:16] INFO: App exited cleanly.
[END] MobPaint session ended.
[START] MobPaint session started.
[13:36:23] INFO: No target file specified, using temp file: /tmp/mobpaint_temp.dat
[13:36:23] INFO: Running app with target file: /tmp/mobpaint_temp.dat
[13:36:24] INFO: Drawing started at (210, 146).
[13:36:27] INFO: Drawing stopped.
[13:36:27] INFO: Drawing started at (512, 161).
[13:36:31] INFO: Drawing stopped.
[13:36:31] INFO: Window close event received.
[13:36:31] INFO: App exited cleanly.
[END] MobPaint session ended.
[START] MobPaint session started.
[13:37:32] INFO: No target file specified, using temp file: /tmp/mobpaint_temp.dat
[13:37:32] INFO: Running app with target file: /tmp/mobpaint_temp.dat
[13:37:32] INFO: Drawing started at (294, 148).
[13:37:39] INFO: Drawing stopped.
[13:37:40] INFO: Window close event received.
[13:37:40] INFO: App exited cleanly.
[END] MobPaint session ended.
[START] MobPaint session started.
[13:38:09] INFO: No target file specified, using temp file: /tmp/mobpaint_temp.dat
[13:38:09] INFO: Running app with target file: /tmp/mobpaint_temp.dat
[13:38:10] INFO: Drawing started at (274, 184).
[13:38:17] INFO: Drawing stopped.
[13:38:18] INFO: Window close event received.
[13:38:18] INFO: App exited cleanly.
[END] MobPaint session ended.
[START] MobPaint session started.
[14:06:25] INFO: No target file specified, using temp file: /tmp/mobpaint_temp.dat
[14:06:25] INFO: Running app with target file: /tmp/mobpaint_temp.dat
[14:06:26] INFO: Drawing started at (256, 155).
[14:06:30] INFO: Drawing stopped.
[14:06:32] INFO: Window close event received.
[14:06:32] INFO: App exited cleanly.
[END] MobPaint session ended.
[START] MobPaint session started.
[14:18:24] INFO: No target file specified, using temp file: /tmp/mobpaint_temp.dat
[14:18:24] INFO: Running app with target file: /tmp/mobpaint_temp.dat
[14:18:25] INFO: Drawing started at (211, 167).
[14:18:28] INFO: Drawing stopped.
[14:18:28] INFO: Drawing started at (740, 368).
[14:18:31] INFO: Drawing stopped.
[14:18:32] INFO: Canvas cleared.
[14:18:32] INFO: Drawing started at (177, 30).
[14:18:33] INFO: Drawing stopped.
[14:18:34] INFO: Window close event received.
[14:18:34] INFO: App exited cleanly.
[END] MobPaint session ended.
